<?xml version="1.0" encoding="UTF-8"?>
<testsuite xmlns:xsi="http://www.w3.org/2001/XMLSchema-instance" xsi:noNamespaceSchemaLocation="https://maven.apache.org/surefire/maven-surefire-plugin/xsd/surefire-test-report-3.0.xsd" version="3.0" name="com.mycompany.unit_testing_three.MessageTest" time="0.071" tests="7" errors="0" skipped="0" failures="0">
  <properties>
[...]
</properties>
  <testcase name="testCheckPasswordFail" classname="com.mycompany.unit_testing_three.MessageTest" time="0.032"/>
  <testcase name="testCheckPasswordPass" classname="com.mycompany.unit_testing_three.MessageTest" time="0.003"/>
  <testcase name="testCheckUsernameFail" classname="com.mycompany.unit_testing_three.MessageTest" time="0.001"/>
  <testcase name="testCheckUsernamePass" classname="com.mycompany.unit_testing_three.MessageTest" time="0.001"/>
  <testcase name="testGreeting" classname="com.mycompany.unit_testing_three.MessageTest" time="0.004"/>
  <testcase name="testValidNumberFail" classname="com.mycompany.unit_testing_three.MessageTest" time="0.002"/>
  <testcase name="testValidNumberPass" classname="com.mycompany.unit_testing_three.MessageTest" time="0.001"/>
</testsuite>